<?xml version="1.0" encoding="UTF-8"?>
<testsuite name="com.dragonfight.CharactersTest" tests="1" skipped="0" failures="0" errors="0" timestamp="2018-08-25T11:08:37" hostname="3Azzoz" time="0.001">
  <properties/>
  <testcase name="CheckPlayer()" classname="com.dragonfight.CharactersTest" time="0.001"/>
  <system-out><![CDATA[]]></system-out>
  <system-err><![CDATA[]]></system-err>
</testsuite>
