<?xml version="1.0" encoding="UTF-8"?>
<testsuite name="com.dragonfight.MiscTest" tests="1" skipped="0" failures="0" errors="0" timestamp="2018-08-25T11:08:36" hostname="3Azzoz" time="0.01">
  <properties/>
  <testcase name="CheckDistance()" classname="com.dragonfight.MiscTest" time="0.01"/>
  <system-out><![CDATA[]]></system-out>
  <system-err><![CDATA[]]></system-err>
</testsuite>
